{
  "stats": {
    "suites": 1,
    "tests": 4,
    "passes": 4,
    "pending": 0,
    "failures": 0,
    "start": "2026-02-11T07:12:33.282Z",
    "end": "2026-02-11T07:12:35.041Z",
    "duration": 1759,
    "testsRegistered": 4,
    "passPercent": 100,
    "pendingPercent": 0,
    "other": 0,
    "hasOther": false,
    "skipped": 0,
    "hasSkipped": false
  },
  "results": [
    {
      "uuid": "29c37604-a2d5-42ca-ab7b-893f54e4e796",
      "title": "",
      "fullFile": "cypress\\e2e\\API_Testing.cy.ts",
      "file": "cypress\\e2e\\API_Testing.cy.ts",
      "beforeHooks": [],
      "afterHooks": [],
      "tests": [],
      "suites": [
        {
          "uuid": "ffe9709f-4d55-4168-8a37-facf3e7ca2e3",
          "title": "HTTP Requests - FakeStore API",
          "fullFile": "",
          "file": "",
          "beforeHooks": [],
          "afterHooks": [],
          "tests": [
            {
              "title": "GET Call",
              "fullTitle": "HTTP Requests - FakeStore API GET Call",
              "timedOut": null,
              "duration": 554,
              "state": "passed",
              "speed": "fast",
              "pass": true,
              "fail": false,
              "pending": false,
              "context": null,
              "code": "cy.request('GET', 'https://fakestoreapi.com/products')\n    .its('status')\n    .should('eq', 200);",
              "err": {},
              "uuid": "754e6c3d-848f-44d4-8d73-4b828d73f2bf",
              "parentUUID": "ffe9709f-4d55-4168-8a37-facf3e7ca2e3",
              "isHook": false,
              "skipped": false
            },
            {
              "title": "POST Call",
              "fullTitle": "HTTP Requests - FakeStore API POST Call",
              "timedOut": null,
              "duration": 348,
              "state": "passed",
              "speed": "fast",
              "pass": true,
              "fail": false,
              "pending": false,
              "context": null,
              "code": "cy.request({\n    method: 'POST',\n    url: 'https://fakestoreapi.com/products',\n    body: {\n        title: \"Test Product\",\n        price: 100,\n        description: \"This is a test product\",\n        image: \"https://i.pravatar.cc\",\n        category: \"electronics\"\n    }\n})\n    .its('status')\n    .should('eq', 201);",
              "err": {},
              "uuid": "bccef0e9-3851-4d81-b12d-a83dd4127edd",
              "parentUUID": "ffe9709f-4d55-4168-8a37-facf3e7ca2e3",
              "isHook": false,
              "skipped": false
            },
            {
              "title": "PUT Call",
              "fullTitle": "HTTP Requests - FakeStore API PUT Call",
              "timedOut": null,
              "duration": 350,
              "state": "passed",
              "speed": "fast",
              "pass": true,
              "fail": false,
              "pending": false,
              "context": null,
              "code": "cy.request({\n    method: 'PUT',\n    url: 'https://fakestoreapi.com/products/1',\n    body: {\n        title: \"Updated Product\",\n        price: 150\n    }\n})\n    .its('status')\n    .should('be.oneOf', [200, 201]);",
              "err": {},
              "uuid": "7dcadd61-ab71-4eb8-8ad7-3a7b8e517c9a",
              "parentUUID": "ffe9709f-4d55-4168-8a37-facf3e7ca2e3",
              "isHook": false,
              "skipped": false
            },
            {
              "title": "DELETE Call",
              "fullTitle": "HTTP Requests - FakeStore API DELETE Call",
              "timedOut": null,
              "duration": 345,
              "state": "passed",
              "speed": "fast",
              "pass": true,
              "fail": false,
              "pending": false,
              "context": null,
              "code": "cy.request({\n    method: 'DELETE',\n    url: 'https://fakestoreapi.com/products/1'\n})\n    .its('status')\n    .should('eq', 200);",
              "err": {},
              "uuid": "cb495c89-5d7a-484a-acad-bf961a10b5ae",
              "parentUUID": "ffe9709f-4d55-4168-8a37-facf3e7ca2e3",
              "isHook": false,
              "skipped": false
            }
          ],
          "suites": [],
          "passes": [
            "754e6c3d-848f-44d4-8d73-4b828d73f2bf",
            "bccef0e9-3851-4d81-b12d-a83dd4127edd",
            "7dcadd61-ab71-4eb8-8ad7-3a7b8e517c9a",
            "cb495c89-5d7a-484a-acad-bf961a10b5ae"
          ],
          "failures": [],
          "pending": [],
          "skipped": [],
          "duration": 1597,
          "root": false,
          "rootEmpty": false,
          "_timeout": 2000
        }
      ],
      "passes": [],
      "failures": [],
      "pending": [],
      "skipped": [],
      "duration": 0,
      "root": true,
      "rootEmpty": true,
      "_timeout": 2000
    }
  ],
  "meta": {
    "mocha": {
      "version": "7.2.0"
    },
    "mochawesome": {
      "options": {
        "quiet": false,
        "reportFilename": "mochawesome",
        "saveHtml": true,
        "saveJson": true,
        "consoleReporter": "spec",
        "useInlineDiffs": false,
        "code": true
      },
      "version": "7.1.4"
    },
    "marge": {
      "options": {
        "reportDir": "cypress/reports",
        "overwrite": false,
        "html": true,
        "json": true
      },
      "version": "6.3.2"
    }
  }
}